#
# A fatal error has been detected by the Java Runtime Environment:
#
#  EXCEPTION_ACCESS_VIOLATION (0xc0000005) at pc=0x00007ff9225cb287, pid=7060, tid=5796
#
# JRE version: OpenJDK Runtime Environment (17.0.6) (build 17.0.6+0-b2043.56-9586694)
# Java VM: OpenJDK 64-Bit Server VM (17.0.6+0-b2043.56-9586694, mixed mode, tiered, compressed oops, compressed class ptrs, g1 gc, windows-amd64)
# Problematic frame:
# V  [jvm.dll+0x58b287]
#
# No core dump will be written. Minidumps are not enabled by default on client versions of Windows
#
# If you would like to submit a bug report, please visit:
#   https://bugreport.java.com/bugreport/crash.jsp
#

---------------  S U M M A R Y ------------

Command Line: --add-opens=java.base/java.util=ALL-UNNAMED --add-opens=java.base/java.lang=ALL-UNNAMED --add-opens=java.base/java.lang.invoke=ALL-UNNAMED --add-opens=java.prefs/java.util.prefs=ALL-UNNAMED --add-opens=java.base/java.nio.charset=ALL-UNNAMED --add-opens=java.base/java.net=ALL-UNNAMED --add-opens=java.base/java.util.concurrent.atomic=ALL-UNNAMED -Xmx2048m -Dfile.encoding=UTF-8 -Duser.country=RU -Duser.language=ru -Duser.variant org.gradle.launcher.daemon.bootstrap.GradleDaemon 8.0

Host: Intel(R) Pentium(R) CPU G860 @ 3.00GHz, 2 cores, 11G,  Windows 11 , 64 bit Build 22621 (10.0.22621.2506)
Time: Wed Apr  3 14:31:05 2024 RTZ 2 (s 11 , 64 bit Build 22621 (10.0.22621.2506) elapsed time: 9.238518 seconds (0d 0h 0m 9s)

---------------  T H R E A D  ---------------

Current thread (0x0000024ad243ccb0):  JavaThread "C2 CompilerThread0" daemon [_thread_in_native, id=5796, stack(0x000000ff86e00000,0x000000ff86f00000)]


Current CompileTask:
C2:   9238 5309   !   4       java.net.URLClassLoader$1::run (81 bytes)

Stack: [0x000000ff86e00000,0x000000ff86f00000],  sp=0x000000ff86efa310,  free space=1000k
Native frames: (J=compiled Java code, j=interpreted, Vv=VM code, C=native code)
V  [jvm.dll+0x58b287]
V  [jvm.dll+0x58a628]
V  [jvm.dll+0x2243b2]
V  [jvm.dll+0x22478f]
V  [jvm.dll+0x21e055]
V  [jvm.dll+0x21b51b]
V  [jvm.dll+0x1a4fdd]
V  [jvm.dll+0x22b098]
V  [jvm.dll+0x229159]
V  [jvm.dll+0x7f809c]
V  [jvm.dll+0x7f25fa]
V  [jvm.dll+0x682985]
C  [ucrtbase.dll+0x29363]
C  [KERNEL32.DLL+0x1257d]
C  [ntdll.dll+0x5aa58]


siginfo: EXCEPTION_ACCESS_VIOLATION (0xc0000005), reading address 0xffffffffffffffff


Register to memory mapping:

RIP=0x00007ff9225cb287 jvm.dll
RAX=0x0 is NULL
RBX=0x741904595302c0e7 is an unknown value
RCX=0x0000000003599f02 is an unknown value
RDX=0x0000024ae76410d8 points into unknown readable memory: 0x0000000002000000 | 00 00 00 02 00 00 00 00
RSP=0x000000ff86efa310 is pointing into the stack for thread: 0x0000024ad243ccb0
RBP=0x000000000000001c is an unknown value
RSI=0x0000000000000019 is an unknown value
RDI=0x000000ff86efa3e0 is pointing into the stack for thread: 0x0000024ad243ccb0
R8 =0x0000000002000000 is an unknown value
R9 =0x000000ff86efa6f0 is pointing into the stack for thread: 0x0000024ad243ccb0
R10=0x00007ff98a5f0000 VCRUNTIME140.dll
R11=0x0000024ad8c0f850 points into unknown readable memory: 0x0000000000000000 | 00 00 00 00 00 00 00 00
R12=0x000000ff86efa3c0 is pointing into the stack for thread: 0x0000024ad243ccb0
R13=0x000000ff86efa3a0 is pointing into the stack for thread: 0x0000024ad243ccb0
R14=0x0000000000000001 is an unknown value
R15=0x0000024ad475ed78 is pointing into metadata


Registers:
RAX=0x0000000000000000, RBX=0x741904595302c0e7, RCX=0x0000000003599f02, RDX=0x0000024ae76410d8
RSP=0x000000ff86efa310, RBP=0x000000000000001c, RSI=0x0000000000000019, RDI=0x000000ff86efa3e0
R8 =0x0000000002000000, R9 =0x000000ff86efa6f0, R10=0x00007ff98a5f0000, R11=0x0000024ad8c0f850
R12=0x000000ff86efa3c0, R13=0x000000ff86efa3a0, R14=0x0000000000000001, R15=0x0000024ad475ed78
RIP=0x00007ff9225cb287, EFLAGS=0x0000000000010203

Top of Stack: (sp=0x000000ff86efa310)
0x000000ff86efa310:   0000000003a8c822 000000000000000d
0x000000ff86efa320:   0000024ad57606b0 0000024a0000000b
0x000000ff86efa330:   0000000000000000 0000024ad182ae60
0x000000ff86efa340:   0000024ad3c30b28 000000ff86efa470
0x000000ff86efa350:   00000000000a1f00 0000024ab877e300
0x000000ff86efa360:   0000000000000001 00007ff9225ca628
0x000000ff86efa370:   000000ff86efa6f0 000000ff86efa6f0
0x000000ff86efa380:   0000024a03599f02 000000ff86efa3e0
0x000000ff86efa390:   0000000000000000 0000000000000000
0x000000ff86efa3a0:   0000024ad1898ea0 0000000000002000
0x000000ff86efa3b0:   0000024ad6cc3310 000000000000008a
0x000000ff86efa3c0:   0000000004000000 0000024ad8c0f050
0x000000ff86efa3d0:   0000024a04000000 0000024ad1898ea0
0x000000ff86efa3e0:   0000024ad6caf8f0 0000024ad6cc32f0
0x000000ff86efa3f0:   0000024ad6caf900 0000024ad1898ea0
0x000000ff86efa400:   0000024ad1898ea0 000000ff00000004 

Instructions: (pc=0x00007ff9225cb287)
0x00007ff9225cb187:   07 4c 89 30 4c 8b f3 44 89 60 08 e9 99 fc ff ff
0x00007ff9225cb197:   41 8b 45 18 85 c0 0f 85 7d fc ff ff 4c 8b 74 24
0x00007ff9225cb1a7:   20 4c 8b 64 24 28 48 8b 7c 24 30 48 8b 74 24 38
0x00007ff9225cb1b7:   48 8b 5c 24 60 48 83 c4 40 41 5f 41 5d 5d c3 cc
0x00007ff9225cb1c7:   cc cc cc cc cc cc cc cc cc 48 89 4c 24 08 57 41
0x00007ff9225cb1d7:   54 41 55 48 83 ec 40 41 8b 40 18 49 8b f9 4d 8b
0x00007ff9225cb1e7:   e8 4c 8b e2 4c 8b c9 85 c0 0f 84 3d 02 00 00 48
0x00007ff9225cb1f7:   89 5c 24 68 48 89 6c 24 38 48 89 74 24 30 4c 89
0x00007ff9225cb207:   74 24 28 4c 89 7c 24 20 90 ff c8 41 89 45 18 8b
0x00007ff9225cb217:   c8 49 8b 45 10 4c 8b 3c c8 41 8b 77 28 8b de c1
0x00007ff9225cb227:   eb 05 41 3b 1c 24 72 0f 8b d3 49 8b cc e8 07 0b
0x00007ff9225cb237:   2a 00 4c 8b 4c 24 60 49 8b 44 24 08 83 e6 1f 48
0x00007ff9225cb247:   8d 14 98 40 0f b6 ce 41 b8 01 00 00 00 41 d3 e0
0x00007ff9225cb257:   8b 0a 8b c1 41 0b c0 89 02 41 85 c8 0f 85 a0 01
0x00007ff9225cb267:   00 00 41 8b 4f 20 45 33 f6 89 4c 24 70 44 3b f1
0x00007ff9225cb277:   0f 83 59 01 00 00 49 8b 5f 10 41 8b c6 41 ff c6
0x00007ff9225cb287:   48 8b 1c c3 8b 43 28 41 3b 41 28 73 0d 8b c8 49
0x00007ff9225cb297:   8b 41 30 48 83 3c c8 00 75 39 48 83 7b 10 00 74
0x00007ff9225cb2a7:   32 49 8d b1 b8 09 00 00 8b 6e 18 8d 45 01 89 46
0x00007ff9225cb2b7:   18 3b 6e 08 72 0f 8b d5 48 8b ce e8 29 5a 0d 00
0x00007ff9225cb2c7:   4c 8b 4c 24 60 48 8b 46 10 8b 4c 24 70 48 89 1c
0x00007ff9225cb2d7:   e8 eb 9a 48 8b 43 08 48 83 38 00 74 77 48 8b 03
0x00007ff9225cb2e7:   48 8b cb ff 50 10 84 c0 75 0a 8b 43 2c 83 e0 0f
0x00007ff9225cb2f7:   3c 0c 75 60 8b 4b 28 8b c1 c1 e8 05 41 3b 04 24
0x00007ff9225cb307:   73 21 4c 8b 4c 24 60 83 e1 1f 8b d1 8b c8 49 8b
0x00007ff9225cb317:   44 24 08 8b 0c 88 0f a3 d1 8b 4c 24 70 0f 82 4a
0x00007ff9225cb327:   ff ff ff 41 8b 75 18 8d 46 01 41 89 45 18 41 3b
0x00007ff9225cb337:   75 08 72 0a 8b d6 49 8b cd e8 ab 59 0d 00 49 8b
0x00007ff9225cb347:   45 10 8b 4c 24 70 4c 8b 4c 24 60 48 89 1c f0 e9
0x00007ff9225cb357:   19 ff ff ff 8b 6b 28 8b f5 c1 ee 05 41 3b 34 24
0x00007ff9225cb367:   72 0a 8b d6 49 8b cc e8 cd 09 2a 00 49 8b 44 24
0x00007ff9225cb377:   08 83 e5 1f 4c 8b 4c 24 60 48 8d 14 b0 40 0f b6 


Stack slot to memory mapping:
stack at sp + 0 slots: 0x0000000003a8c822 is an unknown value
stack at sp + 1 slots: 0x000000000000000d is an unknown value
stack at sp + 2 slots: 0x0000024ad57606b0 points into unknown readable memory: 0x00007ff92297be98 | 98 be 97 22 f9 7f 00 00
stack at sp + 3 slots: 0x0000024a0000000b is an unknown value
stack at sp + 4 slots: 0x0 is NULL
stack at sp + 5 slots: 0x0000024ad182ae60 points into unknown readable memory: 0x8000000800000001 | 01 00 00 00 08 00 00 80
stack at sp + 6 slots: 0x0000024ad3c30b28 points into unknown readable memory: 0x00007ff92297b9b8 | b8 b9 97 22 f9 7f 00 00
stack at sp + 7 slots: 0x000000ff86efa470 is pointing into the stack for thread: 0x0000024ad243ccb0


---------------  P R O C E S S  ---------------

Threads class SMR info:
_java_thread_list=0x0000024ad686b310, length=37, elements={
0x0000024ab87676b0, 0x0000024ad2413260, 0x0000024ad2414870, 0x0000024ad189b590,
0x0000024ad189d150, 0x0000024ad189e4a0, 0x0000024ad243c010, 0x0000024ad243ccb0,
0x0000024ad2441e60, 0x0000024ad2458900, 0x0000024ad25c4da0, 0x0000024ad25c7280,
0x0000024ad3bd4670, 0x0000024ad39e3fe0, 0x0000024ad3ad5030, 0x0000024ad3a39040,
0x0000024ad3929bf0, 0x0000024ad3d06840, 0x0000024ad32c43f0, 0x0000024ad38a9e20,
0x0000024ad38aa2f0, 0x0000024ad38ab160, 0x0000024ad38ab630, 0x0000024ad38abb00,
0x0000024ad38abfd0, 0x0000024ad38a8610, 0x0000024ad38a8ae0, 0x0000024ad38a8fb0,
0x0000024ad38a9480, 0x0000024ad38a9950, 0x0000024ad38aac90, 0x0000024ad38aa7c0,
0x0000024ad4f1c1b0, 0x0000024ad4f187f0, 0x0000024ad4f16640, 0x0000024ad4f1a9a0,
0x0000024ad4f17980
}

Java Threads: ( => current thread )
  0x0000024ab87676b0 JavaThread "main" [_thread_blocked, id=11840, stack(0x000000ff86000000,0x000000ff86100000)]
  0x0000024ad2413260 JavaThread "Reference Handler" daemon [_thread_blocked, id=10656, stack(0x000000ff86800000,0x000000ff86900000)]
  0x0000024ad2414870 JavaThread "Finalizer" daemon [_thread_blocked, id=6588, stack(0x000000ff86900000,0x000000ff86a00000)]
  0x0000024ad189b590 JavaThread "Signal Dispatcher" daemon [_thread_blocked, id=9580, stack(0x000000ff86a00000,0x000000ff86b00000)]
  0x0000024ad189d150 JavaThread "Attach Listener" daemon [_thread_blocked, id=6948, stack(0x000000ff86b00000,0x000000ff86c00000)]
  0x0000024ad189e4a0 JavaThread "Service Thread" daemon [_thread_blocked, id=9308, stack(0x000000ff86c00000,0x000000ff86d00000)]
  0x0000024ad243c010 JavaThread "Monitor Deflation Thread" daemon [_thread_blocked, id=3328, stack(0x000000ff86d00000,0x000000ff86e00000)]
=>0x0000024ad243ccb0 JavaThread "C2 CompilerThread0" daemon [_thread_in_native, id=5796, stack(0x000000ff86e00000,0x000000ff86f00000)]
  0x0000024ad2441e60 JavaThread "C1 CompilerThread0" daemon [_thread_in_native, id=9668, stack(0x000000ff86f00000,0x000000ff87000000)]
  0x0000024ad2458900 JavaThread "Sweeper thread" daemon [_thread_blocked, id=9820, stack(0x000000ff87000000,0x000000ff87100000)]
  0x0000024ad25c4da0 JavaThread "Common-Cleaner" daemon [_thread_blocked, id=11600, stack(0x000000ff87100000,0x000000ff87200000)]
  0x0000024ad25c7280 JavaThread "Notification Thread" daemon [_thread_blocked, id=236, stack(0x000000ff87200000,0x000000ff87300000)]
  0x0000024ad3bd4670 JavaThread "Daemon health stats" [_thread_blocked, id=9144, stack(0x000000ff87500000,0x000000ff87600000)]
  0x0000024ad39e3fe0 JavaThread "Incoming local TCP Connector on port 63830" [_thread_in_native, id=6548, stack(0x000000ff87600000,0x000000ff87700000)]
  0x0000024ad3ad5030 JavaThread "Daemon periodic checks" [_thread_blocked, id=1384, stack(0x000000ff87700000,0x000000ff87800000)]
  0x0000024ad3a39040 JavaThread "Daemon" [_thread_blocked, id=2816, stack(0x000000ff87800000,0x000000ff87900000)]
  0x0000024ad3929bf0 JavaThread "Handler for socket connection from /127.0.0.1:63830 to /127.0.0.1:63831" [_thread_in_native, id=9036, stack(0x000000ff87900000,0x000000ff87a00000)]
  0x0000024ad3d06840 JavaThread "Cancel handler" [_thread_blocked, id=7388, stack(0x000000ff87a00000,0x000000ff87b00000)]
  0x0000024ad32c43f0 JavaThread "Daemon worker" [_thread_in_vm, id=5012, stack(0x000000ff87b00000,0x000000ff87c00000)]
  0x0000024ad38a9e20 JavaThread "Asynchronous log dispatcher for DefaultDaemonConnection: socket connection from /127.0.0.1:63830 to /127.0.0.1:63831" [_thread_blocked, id=10820, stack(0x000000ff87c00000,0x000000ff87d00000)]
  0x0000024ad38aa2f0 JavaThread "Stdin handler" [_thread_blocked, id=11552, stack(0x000000ff87d00000,0x000000ff87e00000)]
  0x0000024ad38ab160 JavaThread "Daemon client event forwarder" [_thread_blocked, id=12112, stack(0x000000ff87e00000,0x000000ff87f00000)]
  0x0000024ad38ab630 JavaThread "Cache worker for journal cache (C:\Users\abdun\.gradle\caches\journal-1)" [_thread_blocked, id=11656, stack(0x000000ff87f00000,0x000000ff88000000)]
  0x0000024ad38abb00 JavaThread "File lock request listener" [_thread_in_native, id=1932, stack(0x000000ff88000000,0x000000ff88100000)]
  0x0000024ad38abfd0 JavaThread "Cache worker for file hash cache (C:\Users\abdun\.gradle\caches\8.0\fileHashes)" [_thread_blocked, id=9116, stack(0x000000ff88100000,0x000000ff88200000)]
  0x0000024ad38a8610 JavaThread "File watcher server" daemon [_thread_in_native, id=11872, stack(0x000000ff88200000,0x000000ff88300000)]
  0x0000024ad38a8ae0 JavaThread "File watcher consumer" daemon [_thread_blocked, id=7368, stack(0x000000ff88300000,0x000000ff88400000)]
  0x0000024ad38a8fb0 JavaThread "Cache worker for checksums cache (D:\AndroidStudioProjects\ANav_projekt\AndroidStudioProjects\Arsee\.gradle\8.0\checksums)" [_thread_blocked, id=9920, stack(0x000000ff88400000,0x000000ff88500000)]
  0x0000024ad38a9480 JavaThread "Cache worker for cache directory md-rule (C:\Users\abdun\.gradle\caches\8.0\md-rule)" [_thread_blocked, id=11904, stack(0x000000ff88500000,0x000000ff88600000)]
  0x0000024ad38a9950 JavaThread "Cache worker for file content cache (C:\Users\abdun\.gradle\caches\8.0\fileContent)" [_thread_blocked, id=964, stack(0x000000ff88600000,0x000000ff88700000)]
  0x0000024ad38aac90 JavaThread "Cache worker for file hash cache (D:\AndroidStudioProjects\ANav_projekt\AndroidStudioProjects\Arsee\.gradle\8.0\fileHashes)" [_thread_blocked, id=12012, stack(0x000000ff88700000,0x000000ff88800000)]
  0x0000024ad38aa7c0 JavaThread "Cache worker for cache directory md-supplier (C:\Users\abdun\.gradle\caches\8.0\md-supplier)" [_thread_blocked, id=992, stack(0x000000ff88800000,0x000000ff88900000)]
  0x0000024ad4f1c1b0 JavaThread "Cache worker for execution history cache (C:\Users\abdun\.gradle\caches\8.0\executionHistory)" [_thread_blocked, id=6228, stack(0x000000ff88900000,0x000000ff88a00000)]
  0x0000024ad4f187f0 JavaThread "jar transforms" [_thread_blocked, id=2996, stack(0x000000ff88a00000,0x000000ff88b00000)]
  0x0000024ad4f16640 JavaThread "jar transforms Thread 2" [_thread_blocked, id=1632, stack(0x000000ff88b00000,0x000000ff88c00000)]
  0x0000024ad4f1a9a0 JavaThread "Cache worker for dependencies-accessors (D:\AndroidStudioProjects\ANav_projekt\AndroidStudioProjects\Arsee\.gradle\8.0\dependencies-accessors)" [_thread_blocked, id=11592, stack(0x000000ff88d00000,0x000000ff88e00000)]
  0x0000024ad4f17980 JavaThread "Cache worker for Build Output Cleanup Cache (D:\AndroidStudioProjects\ANav_projekt\AndroidStudioProjects\Arsee\.gradle\buildOutputCleanup)" [_thread_blocked, id=11700, stack(0x000000ff88e00000,0x000000ff88f00000)]

Other Threads:
  0x0000024ad182b9a0 VMThread "VM Thread" [stack: 0x000000ff86700000,0x000000ff86800000] [id=11880]
  0x0000024ad25c7750 WatcherThread [stack: 0x000000ff87300000,0x000000ff87400000] [id=5152]
  0x0000024ab87c0590 GCTaskThread "GC Thread#0" [stack: 0x000000ff86200000,0x000000ff86300000] [id=11628]
  0x0000024ad27fdd80 GCTaskThread "GC Thread#1" [stack: 0x000000ff87400000,0x000000ff87500000] [id=11716]
  0x0000024ab87d24e0 ConcurrentGCThread "G1 Main Marker" [stack: 0x000000ff86300000,0x000000ff86400000] [id=9776]
  0x0000024ab87d2ef0 ConcurrentGCThread "G1 Conc#0" [stack: 0x000000ff86400000,0x000000ff86500000] [id=9508]
  0x0000024ab882de80 ConcurrentGCThread "G1 Refine#0" [stack: 0x000000ff86500000,0x000000ff86600000] [id=10436]
  0x0000024ad64a0b50 ConcurrentGCThread "G1 Refine#1" [stack: 0x000000ff88c00000,0x000000ff88d00000] [id=10364]
  0x0000024ab882e8a0 ConcurrentGCThread "G1 Service" [stack: 0x000000ff86600000,0x000000ff86700000] [id=11804]

Threads with active compile tasks:
C2 CompilerThread0     9314 5309   !   4       java.net.URLClassLoader$1::run (81 bytes)

VM state: not at safepoint (normal execution)

VM Mutex/Monitor currently owned by a thread: None

Heap address: 0x0000000080000000, size: 2048 MB, Compressed Oops mode: 32-bit

CDS archive(s) not mapped
Compressed class space mapped at: 0x0000000100000000-0x0000000140000000, reserved size: 1073741824
Narrow klass base: 0x0000000000000000, Narrow klass shift: 3, Narrow klass range: 0x140000000

GC Precious Log:
 CPUs: 2 total, 2 available
 Memory: 12159M
 Large Page Support: Disabled
 NUMA Support: Disabled
 Compressed Oops: Enabled (32-bit)
 Heap Region Size: 1M
 Heap Min Capacity: 8M
 Heap Initial Capacity: 190M
 Heap Max Capacity: 2G
 Pre-touch: Disabled
 Parallel Workers: 2
 Concurrent Workers: 1
 Concurrent Refinement Workers: 2
 Periodic GC: Disabled

Heap:
 garbage-first heap   total 78848K, used 53236K [0x0000000080000000, 0x0000000100000000)
  region size 1024K, 23 young (23552K), 4 survivors (4096K)
 Metaspace       used 54982K, committed 55424K, reserved 1097728K
  class space    used 7173K, committed 7360K, reserved 1048576K

Heap Regions: E=young(eden), S=young(survivor), O=old, HS=humongous(starts), HC=humongous(continues), CS=collection set, F=free, OA=open archive, CA=closed archive, TAMS=top-at-mark-start (previous, next)
|   0|0x0000000080000000, 0x0000000080100000, 0x0000000080100000|100%|HS|  |TAMS 0x0000000080100000, 0x0000000080000000| Complete 
|   1|0x0000000080100000, 0x0000000080200000, 0x0000000080200000|100%|HC|  |TAMS 0x0000000080200000, 0x0000000080100000| Complete 
|   2|0x0000000080200000, 0x0000000080300000, 0x0000000080300000|100%|HC|  |TAMS 0x0000000080300000, 0x0000000080200000| Complete 
|   3|0x0000000080300000, 0x0000000080400000, 0x0000000080400000|100%|HC|  |TAMS 0x0000000080400000, 0x0000000080300000| Complete 
|   4|0x0000000080400000, 0x0000000080500000, 0x0000000080500000|100%| O|  |TAMS 0x0000000080500000, 0x0000000080400000| Untracked 
|   5|0x0000000080500000, 0x0000000080600000, 0x0000000080600000|100%| O|  |TAMS 0x0000000080600000, 0x0000000080500000| Untracked 
|   6|0x0000000080600000, 0x0000000080700000, 0x0000000080700000|100%| O|  |TAMS 0x0000000080700000, 0x0000000080600000| Untracked 
|   7|0x0000000080700000, 0x0000000080800000, 0x0000000080800000|100%| O|  |TAMS 0x0000000080800000, 0x0000000080700000| Untracked 
|   8|0x0000000080800000, 0x0000000080900000, 0x0000000080900000|100%| O|  |TAMS 0x0000000080900000, 0x0000000080800000| Untracked 
|   9|0x0000000080900000, 0x0000000080a00000, 0x0000000080a00000|100%| O|  |TAMS 0x0000000080a00000, 0x0000000080900000| Untracked 
|  10|0x0000000080a00000, 0x0000000080b00000, 0x0000000080b00000|100%| O|  |TAMS 0x0000000080b00000, 0x0000000080a00000| Untracked 
|  11|0x0000000080b00000, 0x0000000080c00000, 0x0000000080c00000|100%| O|  |TAMS 0x0000000080c00000, 0x0000000080b00000| Untracked 
|  12|0x0000000080c00000, 0x0000000080d00000, 0x0000000080d00000|100%| O|  |TAMS 0x0000000080d00000, 0x0000000080c00000| Untracked 
|  13|0x0000000080d00000, 0x0000000080e00000, 0x0000000080e00000|100%| O|  |TAMS 0x0000000080e00000, 0x0000000080d00000| Untracked 
|  14|0x0000000080e00000, 0x0000000080f00000, 0x0000000080f00000|100%| O|  |TAMS 0x0000000080f00000, 0x0000000080e00000| Untracked 
|  15|0x0000000080f00000, 0x0000000081000000, 0x0000000081000000|100%| O|  |TAMS 0x0000000081000000, 0x0000000080f00000| Untracked 
|  16|0x0000000081000000, 0x000000008104b200, 0x0000000081100000| 29%| O|  |TAMS 0x000000008104b200, 0x0000000081000000| Untracked 
|  17|0x0000000081100000, 0x0000000081200000, 0x0000000081200000|100%| O|  |TAMS 0x0000000081200000, 0x0000000081100000| Untracked 
|  18|0x0000000081200000, 0x0000000081300000, 0x0000000081300000|100%| O|  |TAMS 0x0000000081300000, 0x0000000081200000| Untracked 
|  19|0x0000000081300000, 0x0000000081400000, 0x0000000081400000|100%| O|  |TAMS 0x0000000081400000, 0x0000000081300000| Untracked 
|  20|0x0000000081400000, 0x0000000081500000, 0x0000000081500000|100%| O|  |TAMS 0x00000000814a4800, 0x0000000081400000| Untracked 
|  21|0x0000000081500000, 0x0000000081600000, 0x0000000081600000|100%| O|  |TAMS 0x0000000081500000, 0x0000000081500000| Untracked 
|  22|0x0000000081600000, 0x0000000081700000, 0x0000000081700000|100%| O|  |TAMS 0x0000000081600000, 0x0000000081600000| Untracked 
|  23|0x0000000081700000, 0x0000000081800000, 0x0000000081800000|100%| O|  |TAMS 0x0000000081700000, 0x0000000081700000| Untracked 
|  24|0x0000000081800000, 0x0000000081900000, 0x0000000081900000|100%| O|  |TAMS 0x0000000081800000, 0x0000000081800000| Untracked 
|  25|0x0000000081900000, 0x0000000081a00000, 0x0000000081a00000|100%| O|  |TAMS 0x0000000081900000, 0x0000000081900000| Untracked 
|  26|0x0000000081a00000, 0x0000000081b00000, 0x0000000081b00000|100%| O|  |TAMS 0x0000000081a00000, 0x0000000081a00000| Untracked 
|  27|0x0000000081b00000, 0x0000000081c00000, 0x0000000081c00000|100%| O|  |TAMS 0x0000000081b00000, 0x0000000081b00000| Untracked 
|  28|0x0000000081c00000, 0x0000000081d00000, 0x0000000081d00000|100%| O|  |TAMS 0x0000000081c00000, 0x0000000081c00000| Untracked 
|  29|0x0000000081d00000, 0x0000000081e00000, 0x0000000081e00000|100%| O|  |TAMS 0x0000000081d00000, 0x0000000081d00000| Untracked 
|  30|0x0000000081e00000, 0x0000000081f00000, 0x0000000081f00000|100%| O|  |TAMS 0x0000000081e00000, 0x0000000081e00000| Untracked 
|  31|0x0000000081f00000, 0x0000000081f00000, 0x0000000082000000|  0%| F|  |TAMS 0x0000000081f00000, 0x0000000081f00000| Untracked 
|  32|0x0000000082000000, 0x0000000082100000, 0x0000000082100000|100%| O|  |TAMS 0x0000000082000000, 0x0000000082000000| Untracked 
|  33|0x0000000082100000, 0x0000000082182c00, 0x0000000082200000| 51%| O|  |TAMS 0x0000000082100000, 0x0000000082100000| Untracked 
|  34|0x0000000082200000, 0x0000000082200000, 0x0000000082300000|  0%| F|  |TAMS 0x0000000082200000, 0x0000000082200000| Untracked 
|  35|0x0000000082300000, 0x0000000082300000, 0x0000000082400000|  0%| F|  |TAMS 0x0000000082300000, 0x0000000082300000| Untracked 
|  36|0x0000000082400000, 0x0000000082400000, 0x0000000082500000|  0%| F|  |TAMS 0x0000000082400000, 0x0000000082400000| Untracked 
|  37|0x0000000082500000, 0x0000000082500000, 0x0000000082600000|  0%| F|  |TAMS 0x0000000082500000, 0x0000000082500000| Untracked 
|  38|0x0000000082600000, 0x0000000082600000, 0x0000000082700000|  0%| F|  |TAMS 0x0000000082600000, 0x0000000082600000| Untracked 
|  39|0x0000000082700000, 0x0000000082700000, 0x0000000082800000|  0%| F|  |TAMS 0x0000000082700000, 0x0000000082700000| Untracked 
|  40|0x0000000082800000, 0x0000000082800000, 0x0000000082900000|  0%| F|  |TAMS 0x0000000082800000, 0x0000000082800000| Untracked 
|  41|0x0000000082900000, 0x0000000082900000, 0x0000000082a00000|  0%| F|  |TAMS 0x0000000082900000, 0x0000000082900000| Untracked 
|  42|0x0000000082a00000, 0x0000000082a00000, 0x0000000082b00000|  0%| F|  |TAMS 0x0000000082a00000, 0x0000000082a00000| Untracked 
|  43|0x0000000082b00000, 0x0000000082b00000, 0x0000000082c00000|  0%| F|  |TAMS 0x0000000082b00000, 0x0000000082b00000| Untracked 
|  44|0x0000000082c00000, 0x0000000082c00000, 0x0000000082d00000|  0%| F|  |TAMS 0x0000000082c00000, 0x0000000082c00000| Untracked 
|  45|0x0000000082d00000, 0x0000000082d2f588, 0x0000000082e00000| 18%| S|CS|TAMS 0x0000000082d00000, 0x0000000082d00000| Complete 
|  46|0x0000000082e00000, 0x0000000082f00000, 0x0000000082f00000|100%| S|CS|TAMS 0x0000000082e00000, 0x0000000082e00000| Complete 
|  47|0x0000000082f00000, 0x0000000083000000, 0x0000000083000000|100%| S|CS|TAMS 0x0000000082f00000, 0x0000000082f00000| Complete 
|  48|0x0000000083000000, 0x0000000083100000, 0x0000000083100000|100%| S|CS|TAMS 0x0000000083000000, 0x0000000083000000| Complete 
|  49|0x0000000083100000, 0x0000000083100000, 0x0000000083200000|  0%| F|  |TAMS 0x0000000083100000, 0x0000000083100000| Untracked 
|  50|0x0000000083200000, 0x0000000083200000, 0x0000000083300000|  0%| F|  |TAMS 0x0000000083200000, 0x0000000083200000| Untracked 
|  51|0x0000000083300000, 0x0000000083300000, 0x0000000083400000|  0%| F|  |TAMS 0x0000000083300000, 0x0000000083300000| Untracked 
|  52|0x0000000083400000, 0x0000000083400000, 0x0000000083500000|  0%| F|  |TAMS 0x0000000083400000, 0x0000000083400000| Untracked 
|  53|0x0000000083500000, 0x0000000083500000, 0x0000000083600000|  0%| F|  |TAMS 0x0000000083500000, 0x0000000083500000| Untracked 
|  54|0x0000000083600000, 0x0000000083600000, 0x0000000083700000|  0%| F|  |TAMS 0x0000000083600000, 0x0000000083600000| Untracked 
|  55|0x0000000083700000, 0x0000000083700000, 0x0000000083800000|  0%| F|  |TAMS 0x0000000083700000, 0x0000000083700000| Untracked 
|  56|0x0000000083800000, 0x0000000083800000, 0x0000000083900000|  0%| F|  |TAMS 0x0000000083800000, 0x0000000083800000| Untracked 
|  57|0x0000000083900000, 0x0000000083900000, 0x0000000083a00000|  0%| F|  |TAMS 0x0000000083900000, 0x0000000083900000| Untracked 
|  58|0x0000000083a00000, 0x0000000083a7d648, 0x0000000083b00000| 48%| E|  |TAMS 0x0000000083a00000, 0x0000000083a00000| Complete 
|  59|0x0000000083b00000, 0x0000000083c00000, 0x0000000083c00000|100%| E|CS|TAMS 0x0000000083b00000, 0x0000000083b00000| Complete 
|  60|0x0000000083c00000, 0x0000000083d00000, 0x0000000083d00000|100%| E|CS|TAMS 0x0000000083c00000, 0x0000000083c00000| Complete 
|  61|0x0000000083d00000, 0x0000000083e00000, 0x0000000083e00000|100%| E|  |TAMS 0x0000000083d00000, 0x0000000083d00000| Complete 
|  62|0x0000000083e00000, 0x0000000083f00000, 0x0000000083f00000|100%| E|CS|TAMS 0x0000000083e00000, 0x0000000083e00000| Complete 
|  63|0x0000000083f00000, 0x0000000084000000, 0x0000000084000000|100%| E|CS|TAMS 0x0000000083f00000, 0x0000000083f00000| Complete 
|  64|0x0000000084000000, 0x0000000084100000, 0x0000000084100000|100%| E|CS|TAMS 0x0000000084000000, 0x0000000084000000| Complete 
|  65|0x0000000084100000, 0x0000000084200000, 0x0000000084200000|100%| E|CS|TAMS 0x0000000084100000, 0x0000000084100000| Complete 
|  66|0x0000000084200000, 0x0000000084300000, 0x0000000084300000|100%| E|CS|TAMS 0x0000000084200000, 0x0000000084200000| Complete 
|  67|0x0000000084300000, 0x0000000084400000, 0x0000000084400000|100%| E|CS|TAMS 0x0000000084300000, 0x0000000084300000| Complete 
|  68|0x0000000084400000, 0x0000000084500000, 0x0000000084500000|100%| E|CS|TAMS 0x0000000084400000, 0x0000000084400000| Complete 
|  69|0x0000000084500000, 0x0000000084600000, 0x0000000084600000|100%| E|CS|TAMS 0x0000000084500000, 0x0000000084500000| Complete 
|  70|0x0000000084600000, 0x0000000084700000, 0x0000000084700000|100%| E|CS|TAMS 0x0000000084600000, 0x0000000084600000| Complete 
|  71|0x0000000084700000, 0x0000000084800000, 0x0000000084800000|100%| E|CS|TAMS 0x0000000084700000, 0x0000000084700000| Complete 
|  72|0x0000000084800000, 0x0000000084900000, 0x0000000084900000|100%| E|CS|TAMS 0x0000000084800000, 0x0000000084800000| Complete 
|  73|0x0000000084900000, 0x0000000084a00000, 0x0000000084a00000|100%| E|CS|TAMS 0x0000000084900000, 0x0000000084900000| Complete 
|  74|0x0000000084a00000, 0x0000000084b00000, 0x0000000084b00000|100%| E|CS|TAMS 0x0000000084a00000, 0x0000000084a00000| Complete 
| 169|0x000000008a900000, 0x000000008aa00000, 0x000000008aa00000|100%| E|CS|TAMS 0x000000008a900000, 0x000000008a900000| Complete 
| 170|0x000000008aa00000, 0x000000008ab00000, 0x000000008ab00000|100%| E|CS|TAMS 0x000000008aa00000, 0x000000008aa00000| Complete 

Card table byte_map: [0x0000024acac30000,0x0000024acb030000] _byte_map_base: 0x0000024aca830000

Marking Bits (Prev, Next): (CMBitMap*) 0x0000024ab87c1bb0, (CMBitMap*) 0x0000024ab87c1bf0
 Prev Bits: [0x0000024acb430000, 0x0000024acd430000)
 Next Bits: [0x0000024acd430000, 0x0000024acf430000)

Polling page: 0x0000024ab6730000

Metaspace:

Usage:
  Non-class:     46.69 MB used.
      Class:      7.01 MB used.
       Both:     53.70 MB used.

Virtual space:
  Non-class space:       48.00 MB reserved,      46.94 MB ( 98%) committed,  6 nodes.
      Class space:        1.00 GB reserved,       7.19 MB ( <1%) committed,  1 nodes.
             Both:        1.05 GB reserved,      54.12 MB (  5%) committed. 

Chunk freelists:
   Non-Class:  848.00 KB
       Class:  720.00 KB
        Both:  1.53 MB

MaxMetaspaceSize: unlimited
CompressedClassSpaceSize: 1.00 GB
Initial GC threshold: 21.00 MB
Current GC threshold: 58.75 MB
CDS: off
MetaspaceReclaimPolicy: balanced
 - commit_granule_bytes: 65536.
 - commit_granule_words: 8192.
 - virtual_space_node_default_size: 1048576.
 - enlarge_chunks_in_place: 1.
 - new_chunks_are_fully_committed: 0.
 - uncommit_free_chunks: 1.
 - use_allocation_guard: 0.
 - handle_deallocations: 1.


Internal statistics:

num_allocs_failed_limit: 6.
num_arena_births: 468.
num_arena_deaths: 0.
num_vsnodes_births: 7.
num_vsnodes_deaths: 0.
num_space_committed: 866.
num_space_uncommitted: 0.
num_chunks_returned_to_freelist: 6.
num_chunks_taken_from_freelist: 2114.
num_chunk_merges: 6.
num_chunk_splits: 1400.
num_chunks_enlarged: 972.
num_purges: 0.
num_inconsistent_stats: 0.

CodeHeap 'non-profiled nmethods': size=120064Kb used=2520Kb max_used=2520Kb free=117543Kb
 bounds [0x0000024ac36f0000, 0x0000024ac3970000, 0x0000024acac30000]
CodeHeap 'profiled nmethods': size=120000Kb used=11188Kb max_used=11188Kb free=108811Kb
 bounds [0x0000024abbc30000, 0x0000024abc720000, 0x0000024ac3160000]
CodeHeap 'non-nmethods': size=5696Kb used=2328Kb max_used=2338Kb free=3367Kb
 bounds [0x0000024ac3160000, 0x0000024ac33d0000, 0x0000024ac36f0000]
 total_blobs=6351 nmethods=5503 adapters=761
 compilation: enabled
              stopped_count=0, restarted_count=0
 full_count=0

Compilation events (20 events):
Event: 9.149 Thread 0x0000024ad2441e60 5453       3       java.util.TreeMap::addEntryToEmptyMap (37 bytes)
Event: 9.149 Thread 0x0000024ad2441e60 nmethod 5453 0x0000024abc6fb090 code [0x0000024abc6fb280, 0x0000024abc6fb938]
Event: 9.149 Thread 0x0000024ad2441e60 5454       3       sun.security.x509.Extension::<init> (83 bytes)
Event: 9.150 Thread 0x0000024ad2441e60 nmethod 5454 0x0000024abc6fbb10 code [0x0000024abc6fbd60, 0x0000024abc6fc378]
Event: 9.150 Thread 0x0000024ad2441e60 5455   !   3       sun.security.x509.CertificateExtensions::parseExtension (286 bytes)
Event: 9.151 Thread 0x0000024ad2441e60 nmethod 5455 0x0000024abc6fc610 code [0x0000024abc6fc9e0, 0x0000024abc6fe948]
Event: 9.152 Thread 0x0000024ad2441e60 5456   !   3       java.util.Collections$SynchronizedMap::put (28 bytes)
Event: 9.152 Thread 0x0000024ad2441e60 nmethod 5456 0x0000024abc6ff790 code [0x0000024abc6ff940, 0x0000024abc6ffbe8]
Event: 9.152 Thread 0x0000024ad2441e60 5457       3       sun.security.x509.Extension::<init> (20 bytes)
Event: 9.152 Thread 0x0000024ad2441e60 nmethod 5457 0x0000024abc6ffd90 code [0x0000024abc6fff20, 0x0000024abc7000d8]
Event: 9.153 Thread 0x0000024ad2441e60 5458       3       sun.security.util.KnownOIDs::findMatch (57 bytes)
Event: 9.154 Thread 0x0000024ad2441e60 nmethod 5458 0x0000024abc700190 code [0x0000024abc700380, 0x0000024abc700808]
Event: 9.161 Thread 0x0000024ad2441e60 5459       3       java.math.BigInteger::<init> (77 bytes)
Event: 9.161 Thread 0x0000024ad2441e60 nmethod 5459 0x0000024abc700990 code [0x0000024abc700b40, 0x0000024abc700fd8]
Event: 9.162 Thread 0x0000024ad2441e60 5460       3       sun.security.x509.CertificateVersion::compare (7 bytes)
Event: 9.162 Thread 0x0000024ad2441e60 nmethod 5460 0x0000024abc701110 code [0x0000024abc7012a0, 0x0000024abc7013b8]
Event: 9.163 Thread 0x0000024ad2441e60 5461       3       sun.security.util.DerValue::getUnalignedBitString (6 bytes)
Event: 9.163 Thread 0x0000024ad2441e60 nmethod 5461 0x0000024abc701490 code [0x0000024abc701640, 0x0000024abc701788]
Event: 9.177 Thread 0x0000024ad2441e60 5462       3       sun.security.provider.SHA2::implCompress0 (490 bytes)
Event: 9.178 Thread 0x0000024ad2441e60 nmethod 5462 0x0000024abc701810 code [0x0000024abc701a00, 0x0000024abc7022a8]

GC Heap History (20 events):
Event: 3.174 GC heap before
{Heap before GC invocations=4 (full 0):
 garbage-first heap   total 194560K, used 35219K [0x0000000080000000, 0x0000000100000000)
  region size 1024K, 24 young (24576K), 5 survivors (5120K)
 Metaspace       used 21192K, committed 21504K, reserved 1073152K
  class space    used 2561K, committed 2752K, reserved 1048576K
}
Event: 3.183 GC heap after
{Heap after GC invocations=5 (full 0):
 garbage-first heap   total 194560K, used 18592K [0x0000000080000000, 0x0000000100000000)
  region size 1024K, 2 young (2048K), 2 survivors (2048K)
 Metaspace       used 21192K, committed 21504K, reserved 1073152K
  class space    used 2561K, committed 2752K, reserved 1048576K
}
Event: 4.233 GC heap before
{Heap before GC invocations=6 (full 0):
 garbage-first heap   total 65536K, used 51360K [0x0000000080000000, 0x0000000100000000)
  region size 1024K, 35 young (35840K), 2 survivors (2048K)
 Metaspace       used 26338K, committed 26688K, reserved 1073152K
  class space    used 3457K, committed 3584K, reserved 1048576K
}
Event: 4.241 GC heap after
{Heap after GC invocations=7 (full 0):
 garbage-first heap   total 65536K, used 20432K [0x0000000080000000, 0x0000000100000000)
  region size 1024K, 4 young (4096K), 4 survivors (4096K)
 Metaspace       used 26338K, committed 26688K, reserved 1073152K
  class space    used 3457K, committed 3584K, reserved 1048576K
}
Event: 4.842 GC heap before
{Heap before GC invocations=7 (full 0):
 garbage-first heap   total 65536K, used 43984K [0x0000000080000000, 0x0000000100000000)
  region size 1024K, 27 young (27648K), 4 survivors (4096K)
 Metaspace       used 30026K, committed 30272K, reserved 1081344K
  class space    used 4061K, committed 4160K, reserved 1048576K
}
Event: 4.853 GC heap after
{Heap after GC invocations=8 (full 0):
 garbage-first heap   total 65536K, used 22013K [0x0000000080000000, 0x0000000100000000)
  region size 1024K, 4 young (4096K), 4 survivors (4096K)
 Metaspace       used 30026K, committed 30272K, reserved 1081344K
  class space    used 4061K, committed 4160K, reserved 1048576K
}
Event: 5.421 GC heap before
{Heap before GC invocations=8 (full 0):
 garbage-first heap   total 65536K, used 46589K [0x0000000080000000, 0x0000000100000000)
  region size 1024K, 28 young (28672K), 4 survivors (4096K)
 Metaspace       used 34084K, committed 34368K, reserved 1081344K
  class space    used 4690K, committed 4800K, reserved 1048576K
}
Event: 5.430 GC heap after
{Heap after GC invocations=9 (full 0):
 garbage-first heap   total 65536K, used 23114K [0x0000000080000000, 0x0000000100000000)
  region size 1024K, 3 young (3072K), 3 survivors (3072K)
 Metaspace       used 34084K, committed 34368K, reserved 1081344K
  class space    used 4690K, committed 4800K, reserved 1048576K
}
Event: 5.644 GC heap before
{Heap before GC invocations=9 (full 0):
 garbage-first heap   total 65536K, used 30282K [0x0000000080000000, 0x0000000100000000)
  region size 1024K, 12 young (12288K), 3 survivors (3072K)
 Metaspace       used 35637K, committed 35968K, reserved 1081344K
  class space    used 4874K, committed 5056K, reserved 1048576K
}
Event: 5.652 GC heap after
{Heap after GC invocations=10 (full 0):
 garbage-first heap   total 65536K, used 24841K [0x0000000080000000, 0x0000000100000000)
  region size 1024K, 3 young (3072K), 3 survivors (3072K)
 Metaspace       used 35637K, committed 35968K, reserved 1081344K
  class space    used 4874K, committed 5056K, reserved 1048576K
}
Event: 6.215 GC heap before
{Heap before GC invocations=11 (full 0):
 garbage-first heap   total 65536K, used 47369K [0x0000000080000000, 0x0000000100000000)
  region size 1024K, 26 young (26624K), 3 survivors (3072K)
 Metaspace       used 40499K, committed 40832K, reserved 1089536K
  class space    used 5357K, committed 5504K, reserved 1048576K
}
Event: 6.225 GC heap after
{Heap after GC invocations=12 (full 0):
 garbage-first heap   total 65536K, used 27823K [0x0000000080000000, 0x0000000100000000)
  region size 1024K, 4 young (4096K), 4 survivors (4096K)
 Metaspace       used 40499K, committed 40832K, reserved 1089536K
  class space    used 5357K, committed 5504K, reserved 1048576K
}
Event: 6.644 GC heap before
{Heap before GC invocations=12 (full 0):
 garbage-first heap   total 65536K, used 52399K [0x0000000080000000, 0x0000000100000000)
  region size 1024K, 25 young (25600K), 4 survivors (4096K)
 Metaspace       used 42569K, committed 42944K, reserved 1089536K
  class space    used 5554K, committed 5696K, reserved 1048576K
}
Event: 6.657 GC heap after
{Heap after GC invocations=13 (full 0):
 garbage-first heap   total 65536K, used 30567K [0x0000000080000000, 0x0000000100000000)
  region size 1024K, 3 young (3072K), 3 survivors (3072K)
 Metaspace       used 42569K, committed 42944K, reserved 1089536K
  class space    used 5554K, committed 5696K, reserved 1048576K
}
Event: 7.023 GC heap before
{Heap before GC invocations=13 (full 0):
 garbage-first heap   total 65536K, used 50023K [0x0000000080000000, 0x0000000100000000)
  region size 1024K, 22 young (22528K), 3 survivors (3072K)
 Metaspace       used 43766K, committed 44160K, reserved 1089536K
  class space    used 5732K, committed 5888K, reserved 1048576K
}
Event: 7.032 GC heap after
{Heap after GC invocations=14 (full 0):
 garbage-first heap   total 78848K, used 32637K [0x0000000080000000, 0x0000000100000000)
  region size 1024K, 3 young (3072K), 3 survivors (3072K)
 Metaspace       used 43766K, committed 44160K, reserved 1089536K
  class space    used 5732K, committed 5888K, reserved 1048576K
}
Event: 7.624 GC heap before
{Heap before GC invocations=14 (full 0):
 garbage-first heap   total 78848K, used 59261K [0x0000000080000000, 0x0000000100000000)
  region size 1024K, 29 young (29696K), 3 survivors (3072K)
 Metaspace       used 47756K, committed 48192K, reserved 1097728K
  class space    used 6262K, committed 6464K, reserved 1048576K
}
Event: 7.640 GC heap after
{Heap after GC invocations=15 (full 0):
 garbage-first heap   total 78848K, used 34480K [0x0000000080000000, 0x0000000100000000)
  region size 1024K, 2 young (2048K), 2 survivors (2048K)
 Metaspace       used 47756K, committed 48192K, reserved 1097728K
  class space    used 6262K, committed 6464K, reserved 1048576K
}
Event: 8.294 GC heap before
{Heap before GC invocations=15 (full 0):
 garbage-first heap   total 78848K, used 61104K [0x0000000080000000, 0x0000000100000000)
  region size 1024K, 28 young (28672K), 2 survivors (2048K)
 Metaspace       used 51034K, committed 51520K, reserved 1097728K
  class space    used 6753K, committed 6976K, reserved 1048576K
}
Event: 8.302 GC heap after
{Heap after GC invocations=16 (full 0):
 garbage-first heap   total 78848K, used 35828K [0x0000000080000000, 0x0000000100000000)
  region size 1024K, 4 young (4096K), 4 survivors (4096K)
 Metaspace       used 51034K, committed 51520K, reserved 1097728K
  class space    used 6753K, committed 6976K, reserved 1048576K
}

Dll operation events (2 events):
Event: 0.010 Loaded shared library C:\Program Files\Android\Android Studio\jbr\bin\java.dll
Event: 0.602 Loaded shared library C:\Program Files\Android\Android Studio\jbr\bin\verify.dll

Deoptimization events (20 events):
Event: 8.984 Thread 0x0000024ad32c43f0 DEOPT PACKING pc=0x0000024ac37c4f54 sp=0x000000ff87bf4360
Event: 8.984 Thread 0x0000024ad32c43f0 DEOPT UNPACKING pc=0x0000024ac31b699d sp=0x000000ff87bf42f0 mode 2
Event: 8.984 Thread 0x0000024ad32c43f0 Uncommon trap: trap_request=0xffffffde fr.pc=0x0000024ac3849cbc relative=0x000000000000083c
Event: 8.984 Thread 0x0000024ad32c43f0 Uncommon trap: reason=class_check action=maybe_recompile pc=0x0000024ac3849cbc method=java.io.BufferedInputStream.read1([BII)I @ 39 c2
Event: 8.984 Thread 0x0000024ad32c43f0 DEOPT PACKING pc=0x0000024ac3849cbc sp=0x000000ff87bf4040
Event: 8.984 Thread 0x0000024ad32c43f0 DEOPT UNPACKING pc=0x0000024ac31b699d sp=0x000000ff87bf3f78 mode 2
Event: 8.986 Thread 0x0000024ad32c43f0 DEOPT PACKING pc=0x0000024ac3820488 sp=0x000000ff87bf4790
Event: 8.986 Thread 0x0000024ad32c43f0 DEOPT UNPACKING pc=0x0000024ac31b7124 sp=0x000000ff87bf3bb0 mode 0
Event: 9.010 Thread 0x0000024ad32c43f0 Uncommon trap: trap_request=0xffffff45 fr.pc=0x0000024ac37b65f0 relative=0x00000000000001d0
Event: 9.010 Thread 0x0000024ad32c43f0 Uncommon trap: reason=unstable_if action=reinterpret pc=0x0000024ac37b65f0 method=java.util.StringTokenizer.scanToken(I)I @ 42 c2
Event: 9.010 Thread 0x0000024ad32c43f0 DEOPT PACKING pc=0x0000024ac37b65f0 sp=0x000000ff87bf5300
Event: 9.010 Thread 0x0000024ad32c43f0 DEOPT UNPACKING pc=0x0000024ac31b699d sp=0x000000ff87bf5290 mode 2
Event: 9.018 Thread 0x0000024ad32c43f0 Uncommon trap: trap_request=0xffffff45 fr.pc=0x0000024ac3834268 relative=0x0000000000000528
Event: 9.018 Thread 0x0000024ad32c43f0 Uncommon trap: reason=unstable_if action=reinterpret pc=0x0000024ac3834268 method=java.lang.StringLatin1.compareToCI([B[B)I @ 68 c2
Event: 9.018 Thread 0x0000024ad32c43f0 DEOPT PACKING pc=0x0000024ac3834268 sp=0x000000ff87bf6940
Event: 9.018 Thread 0x0000024ad32c43f0 DEOPT UNPACKING pc=0x0000024ac31b699d sp=0x000000ff87bf6830 mode 2
Event: 9.018 Thread 0x0000024ad32c43f0 Uncommon trap: trap_request=0xffffff45 fr.pc=0x0000024ac3825a1c relative=0x00000000000004dc
Event: 9.018 Thread 0x0000024ad32c43f0 Uncommon trap: reason=unstable_if action=reinterpret pc=0x0000024ac3825a1c method=java.lang.StringLatin1.compareToCI([B[B)I @ 68 c2
Event: 9.018 Thread 0x0000024ad32c43f0 DEOPT PACKING pc=0x0000024ac3825a1c sp=0x000000ff87bf68a0
Event: 9.018 Thread 0x0000024ad32c43f0 DEOPT UNPACKING pc=0x0000024ac31b699d sp=0x000000ff87bf6828 mode 2

Classes unloaded (0 events):
No events

Classes redefined (0 events):
No events

Internal exceptions (20 events):
Event: 7.748 Thread 0x0000024ad32c43f0 Exception <a 'java/lang/NoSuchMethodError'{0x0000000084860170}: 'java.lang.Object java.lang.invoke.DirectMethodHandle$Holder.newInvokeSpecial(java.lang.Object, int, java.lang.Object)'> (0x0000000084860170) 
thrown [s\src\hotspot\share\interpreter\linkResolver.cpp, line 771]
Event: 7.966 Thread 0x0000024ad32c43f0 Exception <a 'java/lang/NoSuchMethodError'{0x0000000083ca1568}: 'int java.lang.invoke.DirectMethodHandle$Holder.invokeStatic(java.lang.Object)'> (0x0000000083ca1568) 
thrown [s\src\hotspot\share\interpreter\linkResolver.cpp, line 771]
Event: 7.966 Thread 0x0000024ad32c43f0 Exception <a 'java/lang/NoSuchMethodError'{0x0000000083ca5958}: 'int java.lang.invoke.DirectMethodHandle$Holder.invokeStaticInit(java.lang.Object)'> (0x0000000083ca5958) 
thrown [s\src\hotspot\share\interpreter\linkResolver.cpp, line 771]
Event: 7.982 Thread 0x0000024ad32c43f0 Exception <a 'java/lang/NoSuchMethodError'{0x0000000083b18300}: 'java.lang.Object java.lang.invoke.DirectMethodHandle$Holder.newInvokeSpecial(java.lang.Object, java.lang.Object, java.lang.Object, java.lang.Object, java.lang.Object, int)'> (0x0000000083b18300) 
thrown [s\src\hotspot\share\interpreter\linkResolver.cpp, line 771]
Event: 7.982 Thread 0x0000024ad32c43f0 Exception <a 'java/lang/NoSuchMethodError'{0x0000000083b1d6b0}: 'java.lang.Object java.lang.invoke.DirectMethodHandle$Holder.invokeSpecial(java.lang.Object, java.lang.Object, java.lang.Object, java.lang.Object, java.lang.Object, java.lang.Object, int)'> (0x0000000083b1d6b0) 
thrown [s\src\hotspot\share\interpreter\linkResolver.cpp, line 771]
Event: 8.003 Thread 0x0000024ad32c43f0 Exception <a 'java/lang/NoSuchMethodError'{0x0000000083bf4db0}: 'void java.lang.invoke.DirectMethodHandle$Holder.invokeStatic(java.lang.Object, java.lang.Object, java.lang.Object, int, java.lang.Object)'> (0x0000000083bf4db0) 
thrown [s\src\hotspot\share\interpreter\linkResolver.cpp, line 771]
Event: 8.071 Thread 0x0000024ad32c43f0 Exception <a 'java/lang/NoSuchMethodError'{0x00000000839f2ec0}: 'java.lang.Object java.lang.invoke.DelegatingMethodHandle$Holder.reinvoke_L(java.lang.Object, java.lang.Object, java.lang.Object, java.lang.Object, java.lang.Object, java.lang.Object, java.lang.Object, java.lang.Object, java.lang.Object, java.lang.Object, java.lang.Object, java.lang.Object, java.lang.Object, java.lang.Object, java.lang.Object, java.lang.Object, java.lang.Object, java.lang.Object, java.lang.Object, java.lang.Object, java.lang.O
Event: 8.072 Thread 0x0000024ad32c43f0 Exception <a 'java/lang/NoSuchMethodError'{0x00000000839febe0}: 'java.lang.Object java.lang.invoke.Invokers$Holder.invoker(java.lang.Object, java.lang.Object, java.lang.Object, java.lang.Object, java.lang.Object, java.lang.Object, java.lang.Object, java.lang.Object, java.lang.Object, java.lang.Object, java.lang.Object, java.lang.Object, java.lang.Object, java.lang.Object, java.lang.Object, java.lang.Object, java.lang.Object, java.lang.Object, java.lang.Object, java.lang.Object, java.lang.Object)'> (0x00000
Event: 8.074 Thread 0x0000024ad32c43f0 Exception <a 'java/lang/NoSuchMethodError'{0x00000000838065d8}: 'java.lang.Object java.lang.invoke.DelegatingMethodHandle$Holder.delegate(java.lang.Object, java.lang.Object, java.lang.Object, java.lang.Object, java.lang.Object, java.lang.Object, java.lang.Object, java.lang.Object, java.lang.Object, java.lang.Object, java.lang.Object, java.lang.Object, java.lang.Object, java.lang.Object, java.lang.Object, java.lang.Object, java.lang.Object, java.lang.Object, java.lang.Object, java.lang.Object, java.lang.Obj
Event: 8.094 Thread 0x0000024ad32c43f0 Exception <a 'java/lang/NoSuchMethodError'{0x0000000083876268}: 'java.lang.Object java.lang.invoke.DirectMethodHandle$Holder.invokeStatic(java.lang.Object, java.lang.Object, java.lang.Object, java.lang.Object, java.lang.Object, java.lang.Object, java.lang.Object, java.lang.Object, java.lang.Object, java.lang.Object, java.lang.Object, java.lang.Object, java.lang.Object, java.lang.Object, java.lang.Object, java.lang.Object, java.lang.Object)'> (0x0000000083876268) 
thrown [s\src\hotspot\share\interpreter\lin
Event: 8.098 Thread 0x0000024ad32c43f0 Exception <a 'java/lang/NoSuchMethodError'{0x000000008389e658}: 'java.lang.Object java.lang.invoke.DirectMethodHandle$Holder.invokeStatic(java.lang.Object, java.lang.Object, java.lang.Object, java.lang.Object, java.lang.Object, java.lang.Object, java.lang.Object, java.lang.Object, java.lang.Object, java.lang.Object, java.lang.Object, java.lang.Object, java.lang.Object, java.lang.Object, java.lang.Object, java.lang.Object, java.lang.Object, java.lang.Object)'> (0x000000008389e658) 
thrown [s\src\hotspot\sha
Event: 8.101 Thread 0x0000024ad32c43f0 Exception <a 'java/lang/NoSuchMethodError'{0x00000000838c71f0}: 'java.lang.Object java.lang.invoke.DirectMethodHandle$Holder.invokeStatic(java.lang.Object, java.lang.Object, java.lang.Object, java.lang.Object, java.lang.Object, java.lang.Object, java.lang.Object, java.lang.Object, java.lang.Object, java.lang.Object, java.lang.Object, java.lang.Object, java.lang.Object, java.lang.Object, java.lang.Object, java.lang.Object, java.lang.Object, java.lang.Object, java.lang.Object)'> (0x00000000838c71f0) 
thrown 
Event: 8.107 Thread 0x0000024ad32c43f0 Exception <a 'java/lang/NoSuchMethodError'{0x00000000838f1258}: 'java.lang.Object java.lang.invoke.DirectMethodHandle$Holder.invokeStatic(java.lang.Object, java.lang.Object, java.lang.Object, java.lang.Object, java.lang.Object, java.lang.Object, java.lang.Object, java.lang.Object, java.lang.Object, java.lang.Object, java.lang.Object, java.lang.Object, java.lang.Object, java.lang.Object, java.lang.Object, java.lang.Object, java.lang.Object, java.lang.Object, java.lang.Object, java.lang.Object)'> (0x00000000
Event: 8.110 Thread 0x0000024ad32c43f0 Exception <a 'java/lang/NoSuchMethodError'{0x000000008371c5a8}: 'java.lang.Object java.lang.invoke.DirectMethodHandle$Holder.invokeStatic(java.lang.Object, java.lang.Object, java.lang.Object, java.lang.Object, java.lang.Object, java.lang.Object, java.lang.Object, java.lang.Object, java.lang.Object, java.lang.Object, java.lang.Object, java.lang.Object, java.lang.Object, java.lang.Object, java.lang.Object, java.lang.Object, java.lang.Object, java.lang.Object, java.lang.Object, java.lang.Object, java.lang.Obj
Event: 8.116 Thread 0x0000024ad32c43f0 Exception <a 'java/lang/NoSuchMethodError'{0x0000000083747e00}: 'java.lang.Object java.lang.invoke.DirectMethodHandle$Holder.invokeStatic(java.lang.Object, java.lang.Object, java.lang.Object, java.lang.Object, java.lang.Object, java.lang.Object, java.lang.Object, java.lang.Object, java.lang.Object, java.lang.Object, java.lang.Object, java.lang.Object, java.lang.Object, java.lang.Object, java.lang.Object, java.lang.Object, java.lang.Object, java.lang.Object, java.lang.Object, java.lang.Object, java.lang.Obj
Event: 8.121 Thread 0x0000024ad32c43f0 Exception <a 'java/lang/NoSuchMethodError'{0x0000000083775128}: 'java.lang.Object java.lang.invoke.DirectMethodHandle$Holder.invokeStatic(java.lang.Object, java.lang.Object, java.lang.Object, java.lang.Object, java.lang.Object, java.lang.Object, java.lang.Object, java.lang.Object, java.lang.Object, java.lang.Object, java.lang.Object, java.lang.Object, java.lang.Object, java.lang.Object, java.lang.Object, java.lang.Object, java.lang.Object, java.lang.Object, java.lang.Object, java.lang.Object, java.lang.Obj
Event: 8.123 Thread 0x0000024ad32c43f0 Exception <a 'java/lang/NoSuchMethodError'{0x00000000837a4300}: 'java.lang.Object java.lang.invoke.DirectMethodHandle$Holder.invokeStatic(java.lang.Object, java.lang.Object, java.lang.Object, java.lang.Object, java.lang.Object, java.lang.Object, java.lang.Object, java.lang.Object, java.lang.Object, java.lang.Object, java.lang.Object, java.lang.Object, java.lang.Object, java.lang.Object, java.lang.Object, java.lang.Object, java.lang.Object, java.lang.Object, java.lang.Object, java.lang.Object, java.lang.Obj
Event: 8.225 Thread 0x0000024ad32c43f0 Exception <a 'java/lang/NoSuchMethodError'{0x00000000834c57d0}: 'java.lang.Object java.lang.invoke.DirectMethodHandle$Holder.newInvokeSpecial(java.lang.Object, java.lang.Object, int)'> (0x00000000834c57d0) 
thrown [s\src\hotspot\share\interpreter\linkResolver.cpp, line 771]
Event: 8.892 Thread 0x0000024ad32c43f0 Implicit null exception at 0x0000024ac3728472 to 0x0000024ac3728994
Event: 8.977 Thread 0x0000024ad32c43f0 Exception <a 'sun/nio/fs/WindowsException'{0x00000000842e2bf0}> (0x00000000842e2bf0) 
thrown [s\src\hotspot\share\prims\jni.cpp, line 517]

VM Operations (20 events):
Event: 7.588 Executing VM operation: HandshakeAllThreads
Event: 7.588 Executing VM operation: HandshakeAllThreads done
Event: 7.624 Executing VM operation: G1CollectForAllocation
Event: 7.640 Executing VM operation: G1CollectForAllocation done
Event: 8.294 Executing VM operation: G1CollectForAllocation
Event: 8.302 Executing VM operation: G1CollectForAllocation done
Event: 8.636 Executing VM operation: HandshakeAllThreads
Event: 8.636 Executing VM operation: HandshakeAllThreads done
Event: 8.681 Executing VM operation: ICBufferFull
Event: 8.681 Executing VM operation: ICBufferFull done
Event: 8.910 Executing VM operation: HandshakeAllThreads
Event: 8.910 Executing VM operation: HandshakeAllThreads done
Event: 8.978 Executing VM operation: HandshakeAllThreads
Event: 8.978 Executing VM operation: HandshakeAllThreads done
Event: 8.985 Executing VM operation: HandshakeAllThreads
Event: 8.985 Executing VM operation: HandshakeAllThreads done
Event: 8.987 Executing VM operation: HandshakeAllThreads
Event: 8.987 Executing VM operation: HandshakeAllThreads done
Event: 9.062 Executing VM operation: HandshakeAllThreads
Event: 9.062 Executing VM operation: HandshakeAllThreads done

Events (20 events):
Event: 9.224 loading class sun/security/ssl/NewSessionTicket$T13NewSessionTicketConsumer
Event: 9.224 loading class sun/security/ssl/NewSessionTicket$T13NewSessionTicketConsumer done
Event: 9.224 loading class sun/security/ssl/NewSessionTicket$T12NewSessionTicketConsumer
Event: 9.224 loading class sun/security/ssl/NewSessionTicket$T12NewSessionTicketConsumer done
Event: 9.224 loading class sun/security/ssl/NewSessionTicket$T13NewSessionTicketProducer
Event: 9.224 loading class sun/security/ssl/NewSessionTicket$T13NewSessionTicketProducer done
Event: 9.224 loading class sun/security/ssl/NewSessionTicket$T12NewSessionTicketProducer
Event: 9.225 loading class sun/security/ssl/NewSessionTicket$T12NewSessionTicketProducer done
Event: 9.225 loading class sun/security/ssl/EncryptedExtensions
Event: 9.225 loading class sun/security/ssl/EncryptedExtensions done
Event: 9.225 loading class sun/security/ssl/EncryptedExtensions$EncryptedExtensionsProducer
Event: 9.225 loading class sun/security/ssl/EncryptedExtensions$EncryptedExtensionsProducer done
Event: 9.225 loading class sun/security/ssl/EncryptedExtensions$EncryptedExtensionsConsumer
Event: 9.225 loading class sun/security/ssl/EncryptedExtensions$EncryptedExtensionsConsumer done
Event: 9.225 loading class sun/security/ssl/CertificateMessage
Event: 9.225 loading class sun/security/ssl/CertificateMessage done
Event: 9.225 loading class sun/security/ssl/CertificateMessage$T12CertificateConsumer
Event: 9.228 loading class sun/security/ssl/CertificateMessage$T12CertificateConsumer done
Event: 9.228 loading class sun/security/ssl/CertificateMessage$T12CertificateProducer
Event: 9.228 loading class sun/security/ssl/CertificateMessage$T12CertificateProducer done


Dynamic libraries:
0x00007ff74ea70000 - 0x00007ff74ea7a000 	C:\Program Files\Android\Android Studio\jbr\bin\java.exe
0x00007ff99dbf0000 - 0x00007ff99de07000 	C:\Windows\SYSTEM32\ntdll.dll
0x00007ff99c0e0000 - 0x00007ff99c1a4000 	C:\Windows\System32\KERNEL32.DLL
0x00007ff99b080000 - 0x00007ff99b426000 	C:\Windows\System32\KERNELBASE.dll
0x00007ff99b580000 - 0x00007ff99b691000 	C:\Windows\System32\ucrtbase.dll
0x00007ff98a7a0000 - 0x00007ff98a7b7000 	C:\Program Files\Android\Android Studio\jbr\bin\jli.dll
0x00007ff99cc10000 - 0x00007ff99cdbe000 	C:\Windows\System32\USER32.dll
0x00007ff99b550000 - 0x00007ff99b576000 	C:\Windows\System32\win32u.dll
0x00007ff99c000000 - 0x00007ff99c029000 	C:\Windows\System32\GDI32.dll
0x00007ff99b430000 - 0x00007ff99b548000 	C:\Windows\System32\gdi32full.dll
0x00007ff99af60000 - 0x00007ff99affa000 	C:\Windows\System32\msvcp_win.dll
0x00007ff98a5f0000 - 0x00007ff98a60b000 	C:\Program Files\Android\Android Studio\jbr\bin\VCRUNTIME140.dll
0x00007ff985610000 - 0x00007ff9858a3000 	C:\Windows\WinSxS\amd64_microsoft.windows.common-controls_6595b64144ccf1df_6.0.22621.2506_none_270c5ae97388e100\COMCTL32.dll
0x00007ff99d4e0000 - 0x00007ff99d587000 	C:\Windows\System32\msvcrt.dll
0x00007ff99cdc0000 - 0x00007ff99cdf1000 	C:\Windows\System32\IMM32.DLL
0x00007ff98e1c0000 - 0x00007ff98e1cc000 	C:\Program Files\Android\Android Studio\jbr\bin\vcruntime140_1.dll
0x00007ff98a560000 - 0x00007ff98a5ed000 	C:\Program Files\Android\Android Studio\jbr\bin\msvcp140.dll
0x00007ff922040000 - 0x00007ff922cad000 	C:\Program Files\Android\Android Studio\jbr\bin\server\jvm.dll
0x00007ff99bb40000 - 0x00007ff99bbf1000 	C:\Windows\System32\ADVAPI32.dll
0x00007ff99c030000 - 0x00007ff99c0d5000 	C:\Windows\System32\sechost.dll
0x00007ff99d600000 - 0x00007ff99d717000 	C:\Windows\System32\RPCRT4.dll
0x00007ff996240000 - 0x00007ff996249000 	C:\Windows\SYSTEM32\WSOCK32.dll
0x00007ff99c230000 - 0x00007ff99c2a1000 	C:\Windows\System32\WS2_32.dll
0x00007ff988e80000 - 0x00007ff988eb4000 	C:\Windows\SYSTEM32\WINMM.dll
0x00007ff98cbb0000 - 0x00007ff98cbba000 	C:\Windows\SYSTEM32\VERSION.dll
0x00007ff999f60000 - 0x00007ff999f78000 	C:\Windows\SYSTEM32\kernel.appcore.dll
0x00007ff991ef0000 - 0x00007ff991efa000 	C:\Program Files\Android\Android Studio\jbr\bin\jimage.dll
0x00007ff987e20000 - 0x00007ff988053000 	C:\Windows\SYSTEM32\DBGHELP.DLL
0x00007ff99d7c0000 - 0x00007ff99db49000 	C:\Windows\System32\combase.dll
0x00007ff99b9b0000 - 0x00007ff99ba87000 	C:\Windows\System32\OLEAUT32.dll
0x00007ff987d80000 - 0x00007ff987db2000 	C:\Windows\SYSTEM32\dbgcore.DLL
0x00007ff99b000000 - 0x00007ff99b07a000 	C:\Windows\System32\bcryptPrimitives.dll
0x00007ff98a710000 - 0x00007ff98a735000 	C:\Program Files\Android\Android Studio\jbr\bin\java.dll
0x00007ff98a780000 - 0x00007ff98a798000 	C:\Program Files\Android\Android Studio\jbr\bin\zip.dll
0x00007ff99c2b0000 - 0x00007ff99cb0a000 	C:\Windows\System32\SHELL32.dll
0x00007ff998e80000 - 0x00007ff999776000 	C:\Windows\SYSTEM32\windows.storage.dll
0x00007ff998d40000 - 0x00007ff998e7e000 	C:\Windows\SYSTEM32\wintypes.dll
0x00007ff99cb10000 - 0x00007ff99cc03000 	C:\Windows\System32\SHCORE.dll
0x00007ff99b940000 - 0x00007ff99b99e000 	C:\Windows\System32\shlwapi.dll
0x00007ff99ae90000 - 0x00007ff99aeb6000 	C:\Windows\SYSTEM32\profapi.dll
0x00007ff98a4a0000 - 0x00007ff98a4b9000 	C:\Program Files\Android\Android Studio\jbr\bin\net.dll
0x00007ff9944b0000 - 0x00007ff9945e7000 	C:\Windows\SYSTEM32\WINHTTP.dll
0x00007ff99a3e0000 - 0x00007ff99a449000 	C:\Windows\system32\mswsock.dll
0x00007ff98a080000 - 0x00007ff98a096000 	C:\Program Files\Android\Android Studio\jbr\bin\nio.dll
0x00007ff98f900000 - 0x00007ff98f910000 	C:\Program Files\Android\Android Studio\jbr\bin\verify.dll
0x00007ff98e1d0000 - 0x00007ff98e1f7000 	C:\Users\abdun\.gradle\native\68d5fa5c4cc2d200863cafc0d521ce42e7d3e7ee720ec0a83991735586a16f82\windows-amd64\native-platform.dll
0x00007ff940fa0000 - 0x00007ff9410e4000 	C:\Users\abdun\.gradle\native\e376f236ea51e6404a007f0833ffe2c6e607c4080706a723a18a27aeea778392\windows-amd64\native-platform-file-events.dll
0x00007ff990330000 - 0x00007ff990339000 	C:\Program Files\Android\Android Studio\jbr\bin\management.dll
0x00007ff98fd20000 - 0x00007ff98fd2b000 	C:\Program Files\Android\Android Studio\jbr\bin\management_ext.dll
0x00007ff99d7b0000 - 0x00007ff99d7b8000 	C:\Windows\System32\PSAPI.DLL
0x00007ff99a630000 - 0x00007ff99a64b000 	C:\Windows\SYSTEM32\CRYPTSP.dll
0x00007ff999ec0000 - 0x00007ff999ef5000 	C:\Windows\system32\rsaenh.dll
0x00007ff99a4d0000 - 0x00007ff99a4fc000 	C:\Windows\SYSTEM32\USERENV.dll
0x00007ff99a820000 - 0x00007ff99a848000 	C:\Windows\SYSTEM32\bcrypt.dll
0x00007ff99a650000 - 0x00007ff99a65c000 	C:\Windows\SYSTEM32\CRYPTBASE.dll
0x00007ff999a20000 - 0x00007ff999a4d000 	C:\Windows\SYSTEM32\IPHLPAPI.DLL
0x00007ff99bff0000 - 0x00007ff99bff9000 	C:\Windows\System32\NSI.dll
0x00007ff994d20000 - 0x00007ff994d39000 	C:\Windows\SYSTEM32\dhcpcsvc6.DLL
0x00007ff994490000 - 0x00007ff9944af000 	C:\Windows\SYSTEM32\dhcpcsvc.DLL
0x00007ff999aa0000 - 0x00007ff999b99000 	C:\Windows\SYSTEM32\DNSAPI.dll
0x00007ff98a070000 - 0x00007ff98a078000 	C:\Windows\system32\wshunix.dll

dbghelp: loaded successfully - version: 4.0.5 - missing functions: none
symbol engine: initialized successfully - sym options: 0x614 - pdb path: .;C:\Program Files\Android\Android Studio\jbr\bin;C:\Windows\SYSTEM32;C:\Windows\WinSxS\amd64_microsoft.windows.common-controls_6595b64144ccf1df_6.0.22621.2506_none_270c5ae97388e100;C:\Program Files\Android\Android Studio\jbr\bin\server;C:\Users\abdun\.gradle\native\68d5fa5c4cc2d200863cafc0d521ce42e7d3e7ee720ec0a83991735586a16f82\windows-amd64;C:\Users\abdun\.gradle\native\e376f236ea51e6404a007f0833ffe2c6e607c4080706a723a18a27aeea778392\windows-amd64

VM Arguments:
jvm_args: --add-opens=java.base/java.util=ALL-UNNAMED --add-opens=java.base/java.lang=ALL-UNNAMED --add-opens=java.base/java.lang.invoke=ALL-UNNAMED --add-opens=java.prefs/java.util.prefs=ALL-UNNAMED --add-opens=java.base/java.nio.charset=ALL-UNNAMED --add-opens=java.base/java.net=ALL-UNNAMED --add-opens=java.base/java.util.concurrent.atomic=ALL-UNNAMED -Xmx2048m -Dfile.encoding=UTF-8 -Duser.country=RU -Duser.language=ru -Duser.variant 
java_command: org.gradle.launcher.daemon.bootstrap.GradleDaemon 8.0
java_class_path (initial): C:\Users\abdun\.gradle\wrapper\dists\gradle-8.0-bin\ca5e32bp14vu59qr306oxotwh\gradle-8.0\lib\gradle-launcher-8.0.jar
Launcher Type: SUN_STANDARD

[Global flags]
     intx CICompilerCount                          = 2                                         {product} {ergonomic}
     uint ConcGCThreads                            = 1                                         {product} {ergonomic}
     uint G1ConcRefinementThreads                  = 2                                         {product} {ergonomic}
   size_t G1HeapRegionSize                         = 1048576                                   {product} {ergonomic}
    uintx GCDrainStackTargetSize                   = 64                                        {product} {ergonomic}
   size_t InitialHeapSize                          = 199229440                                 {product} {ergonomic}
   size_t MarkStackSize                            = 4194304                                   {product} {ergonomic}
   size_t MaxHeapSize                              = 2147483648                                {product} {command line}
   size_t MaxNewSize                               = 1287651328                                {product} {ergonomic}
   size_t MinHeapDeltaBytes                        = 1048576                                   {product} {ergonomic}
   size_t MinHeapSize                              = 8388608                                   {product} {ergonomic}
    uintx NonNMethodCodeHeapSize                   = 5826188                                {pd product} {ergonomic}
    uintx NonProfiledCodeHeapSize                  = 122916026                              {pd product} {ergonomic}
    uintx ProfiledCodeHeapSize                     = 122916026                              {pd product} {ergonomic}
    uintx ReservedCodeCacheSize                    = 251658240                              {pd product} {ergonomic}
     bool SegmentedCodeCache                       = true                                      {product} {ergonomic}
   size_t SoftMaxHeapSize                          = 2147483648                             {manageable} {ergonomic}
     bool UseCompressedClassPointers               = true                           {product lp64_product} {ergonomic}
     bool UseCompressedOops                        = true                           {product lp64_product} {ergonomic}
     bool UseG1GC                                  = true                                      {product} {ergonomic}
     bool UseLargePagesIndividualAllocation        = false                                  {pd product} {ergonomic}

Logging:
Log output configuration:
 #0: stdout all=warning uptime,level,tags
 #1: stderr all=off uptime,level,tags

Environment Variables:
PATH=C:\Program Files (x86)\Common Files\Oracle\Java\javapath;C:\Python312\Scripts\;C:\Python312\;C:\Windows\system32;C:\Windows;C:\Windows\System32\Wbem;C:\Windows\System32\WindowsPowerShell\v1.0\;C:\Windows\System32\OpenSSH\;D:\Java\;C:\ProgramData\chocolatey\bin;C:\Users\abdun\AppData\Local\Microsoft\WindowsApps;C:\Users\abdun\AppData\Local\Programs\Microsoft VS Code\bin;C:\MinGW\bin;C:\Users\abdun\AppData\Roaming\npm;D:\PHP;
USERNAME=abdun
OS=Windows_NT
PROCESSOR_IDENTIFIER=Intel64 Family 6 Model 42 Stepping 7, GenuineIntel
TMP=C:\Users\abdun\AppData\Local\Temp
TEMP=C:\Users\abdun\AppData\Local\Temp



---------------  S Y S T E M  ---------------

OS:
 Windows 11 , 64 bit Build 22621 (10.0.22621.2506)
OS uptime: 0 days 2:55 hours

CPU: total 2 (initial active 2) (2 cores per cpu, 1 threads per core) family 6 model 42 stepping 7 microcode 0x2f, cx8, cmov, fxsr, mmx, sse, sse2, sse3, ssse3, sse4.1, sse4.2, popcnt, tsc, tscinvbit, clmul, clflush

Memory: 4k page, system-wide physical 12159M (5712M free)
TotalPageFile size 14591M (AvailPageFile size 6886M)
current process WorkingSet (physical memory assigned to process): 487M, peak: 487M
current process commit charge ("private bytes"): 508M, peak: 508M

vm_info: OpenJDK 64-Bit Server VM (17.0.6+0-b2043.56-9586694) for windows-amd64 JRE (17.0.6+0-b2043.56-9586694), built on Feb  9 2023 20:06:20 by "androidbuild" with MS VC++ 16.10 / 16.11 (VS2019)

END.
